<?xml version="1.0" encoding="UTF-8"?>
<!-- Generated by org.testng.reporters.JUnitReportReporter -->
<testsuite hostname="cbonsarttop" name="com.hotpads.datarouter.test.sqs.SqsNodeIntegrationTests" tests="1" failures="0" timestamp="31 May 2015 18:45:20 GMT" time="49.115" errors="0">
  <testcase name="test" time="49.115" classname="com.hotpads.datarouter.test.sqs.SqsNodeIntegrationTests"/>
</testsuite> <!-- com.hotpads.datarouter.test.sqs.SqsNodeIntegrationTests -->
